<!-- doc/src/sgml/bloom.sgml -->

<sect1 id="bloom" xreflabel="bloom">
<!--==========================orignal english content==========================
 <title>bloom</title>
____________________________________________________________________________-->
 <title>bloom</title>

<!--==========================orignal english content==========================
 <indexterm zone="bloom">
  <primary>bloom</primary>
 </indexterm>
____________________________________________________________________________-->
 <indexterm zone="bloom">
  <primary>bloom</primary>
 </indexterm>

<!--==========================orignal english content==========================
 <para>
  <literal>bloom</> provides an index access method based on
  <ulink url="http://en.wikipedia.org/wiki/Bloom_filter">Bloom filters</ulink>.
 </para>
____________________________________________________________________________-->
 <para>
  <literal>bloom</>提供了一种基于<ulink url="http://en.wikipedia.org/wiki/Bloom_filter">布鲁姆过滤器</ulink>的索引访问方法。
 </para>

<!--==========================orignal english content==========================
 <para>
  A Bloom filter is a space-efficient data structure that is used to test
  whether an element is a member of a set.  In the case of an index access
  method, it allows fast exclusion of non-matching tuples via signatures
  whose size is determined at index creation.
 </para>
____________________________________________________________________________-->
 <para>
  布鲁姆过滤器是一种空间高效的数据结构，它被用来测试一个元素是否为一个集合的成员。在索引访问方法的情况下，它可以通过尺寸在索引创建时决定的签名来快速地排除不匹配的元组。
 </para>

<!--==========================orignal english content==========================
 <para>
  A signature is a lossy representation of the indexed attribute(s), and as
  such is prone to reporting false positives; that is, it may be reported
  that an element is in the set, when it is not.  So index search results
  must always be rechecked using the actual attribute values from the heap
  entry.  Larger signatures reduce the odds of a false positive and thus
  reduce the number of useless heap visits, but of course also make the index
  larger and hence slower to scan.
 </para>
____________________________________________________________________________-->
 <para>
  签名是被索引属性的一种有损表达，并且因此容易报告伪肯定，也就是说对于一个不在集合中的元素有可能报告该元素在集合中。因此索引搜索结果必须使用来自堆项的实际属性值进行再次检查。较大的签名可以降低伪肯定的几率并且减少无用的堆访问的次数，但是这显然会让索引更大且扫描起来更慢。
 </para>

<!--==========================orignal english content==========================
 <para>
  This type of index is most useful when a table has many attributes and
  queries test arbitrary combinations of them.  A traditional btree index is
  faster than a bloom index, but it can require many btree indexes to support
  all possible queries where one needs only a single bloom index.  Note
  however that bloom indexes only support equality queries, whereas btree
  indexes can also perform inequality and range searches.
 </para>
____________________________________________________________________________-->
 <para>
  当表具有很多属性并且查询可能会测试其中任意组合时，这种类型的索引最有用。传统的 btree 索引比布鲁姆索引更快，但是需要很多 btree 索引来支持所有可能的查询，而对于布鲁姆索引来说只需要一个即可。不过要注意 bloom 索引只支持等值查询，而 btree 索引还能执行不等和范围搜索。
 </para>

 <sect2>
<!--==========================orignal english content==========================
  <title>Parameters</title>
____________________________________________________________________________-->
  <title>参数</title>

<!--==========================orignal english content==========================
  <para>
   A <literal>bloom</> index accepts the following parameters in its
   <literal>WITH</> clause:
  </para>
____________________________________________________________________________-->
  <para>
   <literal>bloom</>索引在其<literal>WITH</>子句中接受下列参数：
  </para>

   <variablelist>
   <varlistentry>
<!--==========================orignal english content==========================
    <term><literal>length</></term>
____________________________________________________________________________-->
    <term><literal>length</></term>
    <listitem>
<!--==========================orignal english content==========================
     <para>
      Length of each signature (index entry) in bits. The default
      is <literal>80</> bits and maximum is <literal>4096</>.
     </para>
____________________________________________________________________________-->
     <para>
      每个签名（索引项）的长度位数。默认是<literal>80</>位，最长是<literal>4096</>位。
     </para>
    </listitem>
   </varlistentry>
   </variablelist>
   <variablelist>
   <varlistentry>
<!--==========================orignal english content==========================
    <term><literal>col1 &mdash; col32</></term>
____________________________________________________________________________-->
    <term><literal>col1 &mdash; col32</></term>
    <listitem>
<!--==========================orignal english content==========================
     <para>
      Number of bits generated for each index column. Each parameter's name
      refers to the number of the index column that it controls.  The default
      is <literal>2</> bits and maximum is <literal>4095</>.  Parameters for
      index columns not actually used are ignored.
     </para>
____________________________________________________________________________-->
     <para>
      从每一个索引列产生的位数。每个参数的名字表示它所控制的索引列的编号。默认是<literal>2</>位，最大是<literal>4095</>位。没有实际使用的索引列的参数会被忽略。
     </para>
    </listitem>
   </varlistentry>
   </variablelist>
 </sect2>

 <sect2>
<!--==========================orignal english content==========================
  <title>Examples</title>
____________________________________________________________________________-->
  <title>例子</title>

<!--==========================orignal english content==========================
  <para>
   This is an example of creating a bloom index:
  </para>
____________________________________________________________________________-->
  <para>
   这是一个创建布鲁姆索引的例子：
  </para>

<!--==========================orignal english content==========================
<programlisting>
CREATE INDEX bloomidx ON tbloom USING bloom (i1,i2,i3)
       WITH (length=80, col1=2, col2=2, col3=4);
</programlisting>
____________________________________________________________________________-->
<programlisting>
CREATE INDEX bloomidx ON tbloom USING bloom (i1,i2,i3)
       WITH (length=80, col1=2, col2=2, col3=4);
</programlisting>

<!--==========================orignal english content==========================
  <para>
   The index is created with a signature length of 80 bits, with attributes
   i1 and i2 mapped to 2 bits, and attribute i3 mapped to 4 bits.  We could
   have omitted the <literal>length</>, <literal>col1</>,
   and <literal>col2</> specifications since those have the default values.
  </para>
____________________________________________________________________________-->
  <para>
   该索引是用长度为 80 位的签名所创建，其中属性 i1 和 i2 被映射为 2 位，属性 i3 被映射为 4 位。我们可以省略<literal>length</>、<literal>col1</>和<literal>col2</>说明，因为它们都有默认值。
  </para>

<!--==========================orignal english content==========================
  <para>
   Here is a more complete example of bloom index definition and usage, as
   well as a comparison with equivalent btree indexes.  The bloom index is
   considerably smaller than the btree index, and can perform better.
  </para>
____________________________________________________________________________-->
  <para>
   这里是布鲁姆索引定义和使用的更完整的例子，其中还与等效的 btree 做了对比。布鲁姆索引比 btree 索引更小，并且效率更高。
  </para>

<!--==========================orignal english content==========================
<programlisting>
=# CREATE TABLE tbloom AS
   SELECT
     (random() * 1000000)::int as i1,
     (random() * 1000000)::int as i2,
     (random() * 1000000)::int as i3,
     (random() * 1000000)::int as i4,
     (random() * 1000000)::int as i5,
     (random() * 1000000)::int as i6
   FROM
  generate_series(1,10000000);
SELECT 10000000
=# CREATE INDEX bloomidx ON tbloom USING bloom (i1, i2, i3, i4, i5, i6);
CREATE INDEX
=# SELECT pg_size_pretty(pg_relation_size('bloomidx'));
 pg_size_pretty
-&minus;-&minus;-&minus;-&minus;-&minus;-&minus;-&minus;-&minus;
 153 MB
(1 row)
=# CREATE index btreeidx ON tbloom (i1, i2, i3, i4, i5, i6);
CREATE INDEX
=# SELECT pg_size_pretty(pg_relation_size('btreeidx'));
 pg_size_pretty
-&minus;-&minus;-&minus;-&minus;-&minus;-&minus;-&minus;-&minus;
 387 MB
(1 row)
</programlisting>
____________________________________________________________________________-->
<programlisting>
=# CREATE TABLE tbloom AS
   SELECT
     (random() * 1000000)::int as i1,
     (random() * 1000000)::int as i2,
     (random() * 1000000)::int as i3,
     (random() * 1000000)::int as i4,
     (random() * 1000000)::int as i5,
     (random() * 1000000)::int as i6
   FROM
  generate_series(1,10000000);
SELECT 10000000
=# CREATE INDEX bloomidx ON tbloom USING bloom (i1, i2, i3, i4, i5, i6);
CREATE INDEX
=# SELECT pg_size_pretty(pg_relation_size('bloomidx'));
 pg_size_pretty
----------------
 153 MB
(1 row)
=# CREATE index btreeidx ON tbloom (i1, i2, i3, i4, i5, i6);
CREATE INDEX
=# SELECT pg_size_pretty(pg_relation_size('btreeidx'));
 pg_size_pretty
----------------
 387 MB
(1 row)
</programlisting>

<!--==========================orignal english content==========================
  <para>
   A sequential scan over this large table takes a long time:
<programlisting>
=# EXPLAIN ANALYZE SELECT * FROM tbloom WHERE i2 = 898732 AND i5 = 123451;
                                                 QUERY PLAN
-&minus;-&minus;-&minus;-&minus;-&minus;-&minus;-&minus;-&minus;-&minus;-&minus;-&minus;-&minus;-&minus;-&minus;-&minus;-&minus;-&minus;-&minus;-&minus;-&minus;-&minus;-&minus;-&minus;-&minus;-&minus;-&minus;-&minus;-&minus;-&minus;-&minus;-&minus;-&minus;-&minus;-&minus;-&minus;-&minus;-&minus;-&minus;-&minus;-&minus;-&minus;-&minus;-&minus;-&minus;-&minus;-&minus;-&minus;-&minus;-&minus;-&minus;-&minus;-&minus;-&minus;-&minus;
 Seq Scan on tbloom  (cost=0.00..213694.08 rows=1 width=24) (actual time=1445.438..1445.438 rows=0 loops=1)
   Filter: ((i2 = 898732) AND (i5 = 123451))
   Rows Removed by Filter: 10000000
 Planning time: 0.177 ms
 Execution time: 1445.473 ms
(5 rows)
</programlisting>
  </para>
____________________________________________________________________________-->
  <para>
   在这个大表上的顺序扫描需要很长时间：
<programlisting>
=# EXPLAIN ANALYZE SELECT * FROM tbloom WHERE i2 = 898732 AND i5 = 123451;
                                                 QUERY PLAN
------------------------------------------------------------------------------------------------------------
 Seq Scan on tbloom  (cost=0.00..213694.08 rows=1 width=24) (actual time=1445.438..1445.438 rows=0 loops=1)
   Filter: ((i2 = 898732) AND (i5 = 123451))
   Rows Removed by Filter: 10000000
 Planning time: 0.177 ms
 Execution time: 1445.473 ms
(5 rows)
</programlisting>
  </para>

<!--==========================orignal english content==========================
  <para>
   So the planner will usually select an index scan if possible.
   With a btree index, we get results like this:
<programlisting>
=# EXPLAIN ANALYZE SELECT * FROM tbloom WHERE i2 = 898732 AND i5 = 123451;
                                                           QUERY PLAN
-&minus;-&minus;-&minus;-&minus;-&minus;-&minus;-&minus;-&minus;-&minus;-&minus;-&minus;-&minus;-&minus;-&minus;-&minus;-&minus;-&minus;-&minus;-&minus;-&minus;-&minus;-&minus;-&minus;-&minus;-&minus;-&minus;-&minus;-&minus;-&minus;-&minus;-&minus;-&minus;-&minus;-&minus;-&minus;-&minus;-&minus;-&minus;-&minus;-&minus;-&minus;-&minus;-&minus;-&minus;-&minus;-&minus;-&minus;-&minus;-&minus;-&minus;-&minus;-&minus;-&minus;-&minus;-&minus;-&minus;-&minus;-&minus;-&minus;-&minus;-&minus;-&minus;-&minus;-&minus;
 Index Only Scan using btreeidx on tbloom  (cost=0.56..298311.96 rows=1 width=24) (actual time=445.709..445.709 rows=0 loops=1)
   Index Cond: ((i2 = 898732) AND (i5 = 123451))
   Heap Fetches: 0
 Planning time: 0.193 ms
 Execution time: 445.770 ms
(5 rows)
</programlisting>
  </para>
____________________________________________________________________________-->
  <para>
   因此规划器通常将尽可能选择索引扫描。使用 btree 索引，我们可以得到这样的结果：
<programlisting>
=# EXPLAIN ANALYZE SELECT * FROM tbloom WHERE i2 = 898732 AND i5 = 123451;
                                                           QUERY PLAN
--------------------------------------------------------------------------------------------------------------------------------
 Index Only Scan using btreeidx on tbloom  (cost=0.56..298311.96 rows=1 width=24) (actual time=445.709..445.709 rows=0 loops=1)
   Index Cond: ((i2 = 898732) AND (i5 = 123451))
   Heap Fetches: 0
 Planning time: 0.193 ms
 Execution time: 445.770 ms
(5 rows)
</programlisting>
  </para>

<!--==========================orignal english content==========================
  <para>
   Bloom is better than btree in handling this type of search:
<programlisting>
=# EXPLAIN ANALYZE SELECT * FROM tbloom WHERE i2 = 898732 AND i5 = 123451;
                                                        QUERY PLAN
-&minus;-&minus;-&minus;-&minus;-&minus;-&minus;-&minus;-&minus;-&minus;-&minus;-&minus;-&minus;-&minus;-&minus;-&minus;-&minus;-&minus;-&minus;-&minus;-&minus;-&minus;-&minus;-&minus;-&minus;-&minus;-&minus;-&minus;-&minus;-&minus;-&minus;-&minus;-&minus;-&minus;-&minus;-&minus;-&minus;-&minus;-&minus;-&minus;-&minus;-&minus;-&minus;-&minus;-&minus;-&minus;-&minus;-&minus;-&minus;-&minus;-&minus;-&minus;-&minus;-&minus;-&minus;-&minus;-&minus;-&minus;-&minus;-&minus;-&minus;-&minus;-
 Bitmap Heap Scan on tbloom  (cost=178435.39..178439.41 rows=1 width=24) (actual time=76.698..76.698 rows=0 loops=1)
   Recheck Cond: ((i2 = 898732) AND (i5 = 123451))
   Rows Removed by Index Recheck: 2439
   Heap Blocks: exact=2408
   -&gt;  Bitmap Index Scan on bloomidx  (cost=0.00..178435.39 rows=1 width=0) (actual time=72.455..72.455 rows=2439 loops=1)
         Index Cond: ((i2 = 898732) AND (i5 = 123451))
 Planning time: 0.475 ms
 Execution time: 76.778 ms
(8 rows)
</programlisting>
   Note the relatively large number of false positives: 2439 rows were
   selected to be visited in the heap, but none actually matched the
   query.  We could reduce that by specifying a larger signature length.
   In this example, creating the index with <literal>length=200</>
   reduced the number of false positives to 55; but it doubled the index size
   (to 306 MB) and ended up being slower for this query (125 ms overall).
  </para>
____________________________________________________________________________-->
  <para>
   在处理这类搜索时，bloom 比 btree 表现得更好：
<programlisting>
=# EXPLAIN ANALYZE SELECT * FROM tbloom WHERE i2 = 898732 AND i5 = 123451;
                                                        QUERY PLAN
---------------------------------------------------------------------------------------------------------------------------
 Bitmap Heap Scan on tbloom  (cost=178435.39..178439.41 rows=1 width=24) (actual time=76.698..76.698 rows=0 loops=1)
   Recheck Cond: ((i2 = 898732) AND (i5 = 123451))
   Rows Removed by Index Recheck: 2439
   Heap Blocks: exact=2408
   -&gt;  Bitmap Index Scan on bloomidx  (cost=0.00..178435.39 rows=1 width=0) (actual time=72.455..72.455 rows=2439 loops=1)
         Index Cond: ((i2 = 898732) AND (i5 = 123451))
 Planning time: 0.475 ms
 Execution time: 76.778 ms
(8 rows)
</programlisting>
   注意其中相对较大的伪肯定数：有 2439 行被选中进行堆访问但实际却不匹配查询。我们可以通过指定更大的签名长度来减少这种情况。在这个例子中，用<literal>length=200</>创建索引可以把伪肯定数减小到 55，但是这同时会使索引尺寸翻倍（306MB）并且最终使这个查询变慢（总体 125 ms）。
  </para>

<!--==========================orignal english content==========================
  <para>
   Now, the main problem with the btree search is that btree is inefficient
   when the search conditions do not constrain the leading index column(s).
   A better strategy for btree is to create a separate index on each column.
   Then the planner will choose something like this:
<programlisting>
=# EXPLAIN ANALYZE SELECT * FROM tbloom WHERE i2 = 898732 AND i5 = 123451;
                                                          QUERY PLAN
-&minus;-&minus;-&minus;-&minus;-&minus;-&minus;-&minus;-&minus;-&minus;-&minus;-&minus;-&minus;-&minus;-&minus;-&minus;-&minus;-&minus;-&minus;-&minus;-&minus;-&minus;-&minus;-&minus;-&minus;-&minus;-&minus;-&minus;-&minus;-&minus;-&minus;-&minus;-&minus;-&minus;-&minus;-&minus;-&minus;-&minus;-&minus;-&minus;-&minus;-&minus;-&minus;-&minus;-&minus;-&minus;-&minus;-&minus;-&minus;-&minus;-&minus;-&minus;-&minus;-&minus;-&minus;-&minus;-&minus;-&minus;-&minus;-&minus;-&minus;-&minus;-&minus;-&minus;
 Bitmap Heap Scan on tbloom  (cost=9.29..13.30 rows=1 width=24) (actual time=0.148..0.148 rows=0 loops=1)
   Recheck Cond: ((i5 = 123451) AND (i2 = 898732))
   -&gt;  BitmapAnd  (cost=9.29..9.29 rows=1 width=0) (actual time=0.145..0.145 rows=0 loops=1)
         -&gt;  Bitmap Index Scan on tbloom_i5_idx  (cost=0.00..4.52 rows=11 width=0) (actual time=0.089..0.089 rows=10 loops=1)
               Index Cond: (i5 = 123451)
         -&gt;  Bitmap Index Scan on tbloom_i2_idx  (cost=0.00..4.52 rows=11 width=0) (actual time=0.048..0.048 rows=8 loops=1)
               Index Cond: (i2 = 898732)
 Planning time: 2.049 ms
 Execution time: 0.280 ms
(9 rows)
</programlisting>
   Although this query runs much faster than with either of the single
   indexes, we pay a large penalty in index size.  Each of the single-column
   btree indexes occupies 214 MB, so the total space needed is over 1.2GB,
   more than 8 times the space used by the bloom index.
  </para>
____________________________________________________________________________-->
  <para>
   现在，btree 搜索的主要问题是，当搜索条件不约束前几个索引列时，btree 的效率不好。对于 btree 更好的策略是在每一列上创建一个独立的索引。那么规划器将选择这样的计划：
<programlisting>
=# EXPLAIN ANALYZE SELECT * FROM tbloom WHERE i2 = 898732 AND i5 = 123451;
                                                          QUERY PLAN
------------------------------------------------------------------------------------------------------------------------------
 Bitmap Heap Scan on tbloom  (cost=9.29..13.30 rows=1 width=24) (actual time=0.148..0.148 rows=0 loops=1)
   Recheck Cond: ((i5 = 123451) AND (i2 = 898732))
   -&gt;  BitmapAnd  (cost=9.29..9.29 rows=1 width=0) (actual time=0.145..0.145 rows=0 loops=1)
         -&gt;  Bitmap Index Scan on tbloom_i5_idx  (cost=0.00..4.52 rows=11 width=0) (actual time=0.089..0.089 rows=10 loops=1)
               Index Cond: (i5 = 123451)
         -&gt;  Bitmap Index Scan on tbloom_i2_idx  (cost=0.00..4.52 rows=11 width=0) (actual time=0.048..0.048 rows=8 loops=1)
               Index Cond: (i2 = 898732)
 Planning time: 2.049 ms
 Execution time: 0.280 ms
(9 rows)
</programlisting>
   尽管这个查询运行起来比在其中任一单个索引上都快，但是我们在索引尺寸上付出了很大的代价。每一个单列 btree 索引占用 214 MB，因此总的空间会超过 1.2GB，这是布鲁姆索引所使用的空间的 8 倍。
  </para>
 </sect2>

 <sect2>
<!--==========================orignal english content==========================
  <title>Operator Class Interface</title>
____________________________________________________________________________-->
  <title>操作符类接口</title>

<!--==========================orignal english content==========================
  <para>
   An operator class for bloom indexes requires only a hash function for the
   indexed data type and an equality operator for searching. This example
   shows the operator class definition for the <type>text</> data type:
  </para>
____________________________________________________________________________-->
  <para>
   用于布鲁姆索引的操作符类只要一个用于被索引数据类型的哈希函数以及一个用于搜索的等值操作符。这个例子展示了用于<type>text</>数据类型的操作符类定义：
  </para>

<!--==========================orignal english content==========================
<programlisting>
CREATE OPERATOR CLASS text_ops
DEFAULT FOR TYPE text USING bloom AS
    OPERATOR    1   =(text, text),
    FUNCTION    1   hashtext(text);
</programlisting>
____________________________________________________________________________-->
<programlisting>
CREATE OPERATOR CLASS text_ops
DEFAULT FOR TYPE text USING bloom AS
    OPERATOR    1   =(text, text),
    FUNCTION    1   hashtext(text);
</programlisting>
 </sect2>

 <sect2>
<!--==========================orignal english content==========================
  <title>Limitations</title>
____________________________________________________________________________-->
  <title>限制</title>
<!--==========================orignal english content==========================
  <para>
   <itemizedlist>
    <listitem>
     <para>
      Only operator classes for <type>int4</> and <type>text</> are
      included with the module.
     </para>
    </listitem>

    <listitem>
     <para>
      Only the <literal>=</literal> operator is supported for search.  But
      it is possible to add support for arrays with union and intersection
      operations in the future.
     </para>
    </listitem>
   </itemizedlist>
  </para>
____________________________________________________________________________-->
  <para>
   <itemizedlist>
    <listitem>
     <para>
      在模块中只包括了用于<type>int4</>以及<type>text</>的操作符类。
     </para>
    </listitem>

    <listitem>
     <para>
      搜索只支持<literal>=</literal>操作符。但是未来可以为带合并和交集操作的数组增加支持。
     </para>
    </listitem>
   </itemizedlist>
  </para>
 </sect2>

 <sect2>
<!--==========================orignal english content==========================
  <title>Authors</title>
____________________________________________________________________________-->
  <title>作者</title>

<!--==========================orignal english content==========================
  <para>
   Teodor Sigaev <email>teodor@postgrespro.ru</email>,
   Postgres Professional, Moscow, Russia
  </para>
____________________________________________________________________________-->
  <para>
   Teodor Sigaev <email>teodor@postgrespro.ru</email>,
   Postgres Professional, Moscow, Russia
  </para>

<!--==========================orignal english content==========================
  <para>
   Alexander Korotkov <email>a.korotkov@postgrespro.ru</email>,
   Postgres Professional, Moscow, Russia
  </para>
____________________________________________________________________________-->
  <para>
   Alexander Korotkov <email>a.korotkov@postgrespro.ru</email>,
   Postgres Professional, Moscow, Russia
  </para>

<!--==========================orignal english content==========================
  <para>
   Oleg Bartunov <email>obartunov@postgrespro.ru</email>,
   Postgres Professional, Moscow, Russia
  </para>
____________________________________________________________________________-->
  <para>
   Oleg Bartunov <email>obartunov@postgrespro.ru</email>,
   Postgres Professional, Moscow, Russia
  </para>
 </sect2>

</sect1>
